CRITICAL - 2023-12-17 03:48:42 --> App\Models\Clientes::getByEmail(): Return value must be of type array, null returned
in APPPATH/Models/Clientes.php on line 13.
 1 APPPATH/Controllers/Login.php(20): App\Models\Clientes->getByEmail()
 2 SYSTEMPATH/CodeIgniter.php(942): App\Controllers\Login->validateLogin()
 3 SYSTEMPATH/CodeIgniter.php(502): CodeIgniter\CodeIgniter->runController()
 4 SYSTEMPATH/CodeIgniter.php(361): CodeIgniter\CodeIgniter->handleRequest()
 5 FCPATH/index.php(79): CodeIgniter\CodeIgniter->run()
 6 SYSTEMPATH/Commands/Server/rewrite.php(47): require_once('/home/hono/Documentos/dev/codeigniter4/public/index.php')
CRITICAL - 2023-12-17 03:48:56 --> App\Models\Clientes::getByEmail(): Return value must be of type array, null returned
in APPPATH/Models/Clientes.php on line 13.
 1 APPPATH/Controllers/Login.php(20): App\Models\Clientes->getByEmail()
 2 SYSTEMPATH/CodeIgniter.php(942): App\Controllers\Login->validateLogin()
 3 SYSTEMPATH/CodeIgniter.php(502): CodeIgniter\CodeIgniter->runController()
 4 SYSTEMPATH/CodeIgniter.php(361): CodeIgniter\CodeIgniter->handleRequest()
 5 FCPATH/index.php(79): CodeIgniter\CodeIgniter->run()
 6 SYSTEMPATH/Commands/Server/rewrite.php(47): require_once('/home/hono/Documentos/dev/codeigniter4/public/index.php')
CRITICAL - 2023-12-17 04:06:12 --> Undefined array key "email"
in APPPATH/Controllers/Login.php on line 23.
 1 APPPATH/Controllers/Login.php(23): CodeIgniter\Debug\Exceptions->errorHandler()
 2 SYSTEMPATH/CodeIgniter.php(942): App\Controllers\Login->validateLogin()
 3 SYSTEMPATH/CodeIgniter.php(502): CodeIgniter\CodeIgniter->runController()
 4 SYSTEMPATH/CodeIgniter.php(361): CodeIgniter\CodeIgniter->handleRequest()
 5 FCPATH/index.php(79): CodeIgniter\CodeIgniter->run()
 6 SYSTEMPATH/Commands/Server/rewrite.php(47): require_once('/home/hono/Documentos/dev/codeigniter4/public/index.php')
CRITICAL - 2023-12-17 04:06:13 --> Undefined array key "email"
in APPPATH/Controllers/Login.php on line 23.
 1 APPPATH/Controllers/Login.php(23): CodeIgniter\Debug\Exceptions->errorHandler()
 2 SYSTEMPATH/CodeIgniter.php(942): App\Controllers\Login->validateLogin()
 3 SYSTEMPATH/CodeIgniter.php(502): CodeIgniter\CodeIgniter->runController()
 4 SYSTEMPATH/CodeIgniter.php(361): CodeIgniter\CodeIgniter->handleRequest()
 5 FCPATH/index.php(79): CodeIgniter\CodeIgniter->run()
 6 SYSTEMPATH/Commands/Server/rewrite.php(47): require_once('/home/hono/Documentos/dev/codeigniter4/public/index.php')
CRITICAL - 2023-12-17 04:13:34 --> Trying to access array offset on value of type null
in APPPATH/Controllers/Login.php on line 25.
 1 APPPATH/Controllers/Login.php(25): CodeIgniter\Debug\Exceptions->errorHandler()
 2 SYSTEMPATH/CodeIgniter.php(942): App\Controllers\Login->validateLogin()
 3 SYSTEMPATH/CodeIgniter.php(502): CodeIgniter\CodeIgniter->runController()
 4 SYSTEMPATH/CodeIgniter.php(361): CodeIgniter\CodeIgniter->handleRequest()
 5 FCPATH/index.php(79): CodeIgniter\CodeIgniter->run()
 6 SYSTEMPATH/Commands/Server/rewrite.php(47): require_once('/home/hono/Documentos/dev/codeigniter4/public/index.php')
CRITICAL - 2023-12-17 04:15:57 --> view(): Argument #2 ($data) must be of type array, string given, called in /home/hono/Documentos/dev/codeigniter4/app/Controllers/Login.php on line 32
in SYSTEMPATH/Common.php on line 1178.
 1 APPPATH/Controllers/Login.php(32): view()
 2 SYSTEMPATH/CodeIgniter.php(942): App\Controllers\Login->validateLogin()
 3 SYSTEMPATH/CodeIgniter.php(502): CodeIgniter\CodeIgniter->runController()
 4 SYSTEMPATH/CodeIgniter.php(361): CodeIgniter\CodeIgniter->handleRequest()
 5 FCPATH/index.php(79): CodeIgniter\CodeIgniter->run()
 6 SYSTEMPATH/Commands/Server/rewrite.php(47): require_once('/home/hono/Documentos/dev/codeigniter4/public/index.php')
CRITICAL - 2023-12-17 04:21:22 --> App\Controllers\Login::validateLogin(): Return value must be of type string, none returned
in APPPATH/Controllers/Login.php on line 36.
 1 SYSTEMPATH/CodeIgniter.php(942): App\Controllers\Login->validateLogin()
 2 SYSTEMPATH/CodeIgniter.php(502): CodeIgniter\CodeIgniter->runController()
 3 SYSTEMPATH/CodeIgniter.php(361): CodeIgniter\CodeIgniter->handleRequest()
 4 FCPATH/index.php(79): CodeIgniter\CodeIgniter->run()
 5 SYSTEMPATH/Commands/Server/rewrite.php(47): require_once('/home/hono/Documentos/dev/codeigniter4/public/index.php')
CRITICAL - 2023-12-17 04:21:52 --> App\Controllers\Login::validateLogin(): Return value must be of type string, none returned
in APPPATH/Controllers/Login.php on line 36.
 1 SYSTEMPATH/CodeIgniter.php(942): App\Controllers\Login->validateLogin()
 2 SYSTEMPATH/CodeIgniter.php(502): CodeIgniter\CodeIgniter->runController()
 3 SYSTEMPATH/CodeIgniter.php(361): CodeIgniter\CodeIgniter->handleRequest()
 4 FCPATH/index.php(79): CodeIgniter\CodeIgniter->run()
 5 SYSTEMPATH/Commands/Server/rewrite.php(47): require_once('/home/hono/Documentos/dev/codeigniter4/public/index.php')
CRITICAL - 2023-12-17 04:22:36 --> App\Controllers\Login::validateLogin(): Return value must be of type string, none returned
in APPPATH/Controllers/Login.php on line 36.
 1 SYSTEMPATH/CodeIgniter.php(942): App\Controllers\Login->validateLogin()
 2 SYSTEMPATH/CodeIgniter.php(502): CodeIgniter\CodeIgniter->runController()
 3 SYSTEMPATH/CodeIgniter.php(361): CodeIgniter\CodeIgniter->handleRequest()
 4 FCPATH/index.php(79): CodeIgniter\CodeIgniter->run()
 5 SYSTEMPATH/Commands/Server/rewrite.php(47): require_once('/home/hono/Documentos/dev/codeigniter4/public/index.php')
